<?xml version="1.0" encoding="UTF-8"?>
<testsuite xmlns:xsi="http://www.w3.org/2001/XMLSchema-instance" xsi:noNamespaceSchemaLocation="https://maven.apache.org/surefire/maven-surefire-plugin/xsd/surefire-test-report-3.0.xsd" version="3.0" name="cryobank.nitrogenSensor.DBWriterApplicationTests" time="5.945" tests="1" errors="0" skipped="0" failures="0">
  <properties>
[...]
</properties>
  <testcase name="contextLoads" classname="cryobank.nitrogenSensor.DBWriterApplicationTests" time="0.074">
    <system-out><![CDATA[18:48:57.469 [main] INFO org.springframework.test.context.support.AnnotationConfigContextLoaderUtils -- Could not detect default configuration classes for test class [cryobank.nitrogenSensor.DBWriterApplicationTests]: DBWriterApplicationTests does not declare any static, non-private, non-final, nested classes annotated with @Configuration.
18:48:57.607 [main] INFO org.springframework.boot.test.context.SpringBootTestContextBootstrapper -- Found @SpringBootConfiguration cryobank.DBWriterApplication for test class cryobank.nitrogenSensor.DBWriterApplicationTests

  .   ____          _            __ _ _
 /\\ / ___'_ __ _ _(_)_ __  __ _ \ \ \ \
( ( )\___ | '_ | '_| | '_ \/ _` | \ \ \ \
 \\/  ___)| |_)| | | | | || (_| |  ) ) ) )
  '  |____| .__|_| |_|_| |_\__, | / / / /
 =========|_|==============|___/=/_/_/_/
 :: Spring Boot ::                (v3.1.4)

2023-12-03T18:48:58.093+02:00  INFO 9776 --- [           main] c.n.DBWriterApplicationTests             : Starting DBWriterApplicationTests using Java 17.0.7 with PID 9776 (started by acer in C:\Tel-Run\eclipse-workspace3\sensorsDataDBWriter)
2023-12-03T18:48:58.094+02:00 DEBUG 9776 --- [           main] c.n.DBWriterApplicationTests             : Running with Spring Boot v3.1.4, Spring v6.0.12
2023-12-03T18:48:58.095+02:00  INFO 9776 --- [           main] c.n.DBWriterApplicationTests             : No active profile set, falling back to 1 default profile: "default"
2023-12-03T18:48:58.618+02:00  INFO 9776 --- [           main] .s.d.r.c.RepositoryConfigurationDelegate : Bootstrapping Spring Data JPA repositories in DEFAULT mode.
2023-12-03T18:48:58.752+02:00  INFO 9776 --- [           main] .s.d.r.c.RepositoryConfigurationDelegate : Finished Spring Data repository scanning in 125 ms. Found 1 JPA repository interfaces.
2023-12-03T18:48:58.909+02:00  INFO 9776 --- [           main] faultConfiguringBeanFactoryPostProcessor : No bean named 'errorChannel' has been explicitly defined. Therefore, a default PublishSubscribeChannel will be created.
2023-12-03T18:48:58.916+02:00  INFO 9776 --- [           main] faultConfiguringBeanFactoryPostProcessor : No bean named 'integrationHeaderChannelRegistry' has been explicitly defined. Therefore, a default DefaultHeaderChannelRegistry will be created.
2023-12-03T18:49:00.594+02:00  INFO 9776 --- [           main] o.hibernate.jpa.internal.util.LogHelper  : HHH000204: Processing PersistenceUnitInfo [name: default]
2023-12-03T18:49:00.671+02:00  INFO 9776 --- [           main] org.hibernate.Version                    : HHH000412: Hibernate ORM core version 6.2.9.Final
2023-12-03T18:49:00.674+02:00  INFO 9776 --- [           main] org.hibernate.cfg.Environment            : HHH000406: Using bytecode reflection optimizer
2023-12-03T18:49:00.928+02:00  INFO 9776 --- [           main] o.h.b.i.BytecodeProviderInitiator        : HHH000021: Bytecode provider name : bytebuddy
2023-12-03T18:49:00.940+02:00  INFO 9776 --- [           main] o.s.o.j.p.SpringPersistenceUnitInfo      : No LoadTimeWeaver setup: ignoring JPA class transformer
2023-12-03T18:49:00.960+02:00  INFO 9776 --- [           main] com.zaxxer.hikari.HikariDataSource       : HikariPool-1 - Starting...
2023-12-03T18:49:01.201+02:00  INFO 9776 --- [           main] com.zaxxer.hikari.pool.HikariPool        : HikariPool-1 - Added connection com.mysql.cj.jdbc.ConnectionImpl@c677d7e
2023-12-03T18:49:01.203+02:00  INFO 9776 --- [           main] com.zaxxer.hikari.HikariDataSource       : HikariPool-1 - Start completed.
2023-12-03T18:49:01.312+02:00  WARN 9776 --- [           main] org.hibernate.dialect.Dialect            : HHH000511: The 5.5.0 version for [org.hibernate.dialect.MySQLDialect] is no longer supported, hence certain features may not work properly. The minimum supported version is 5.7.0. Check the community dialects project for available legacy versions.
2023-12-03T18:49:01.742+02:00  INFO 9776 --- [           main] o.h.b.i.BytecodeProviderInitiator        : HHH000021: Bytecode provider name : bytebuddy
2023-12-03T18:49:02.316+02:00  INFO 9776 --- [           main] o.h.e.t.j.p.i.JtaPlatformInitiator       : HHH000490: Using JtaPlatform implementation: [org.hibernate.engine.transaction.jta.platform.internal.NoJtaPlatform]
2023-12-03T18:49:02.476+02:00  INFO 9776 --- [           main] j.LocalContainerEntityManagerFactoryBean : Initialized JPA EntityManagerFactory for persistence unit 'default'
2023-12-03T18:49:03.113+02:00  INFO 9776 --- [           main] o.s.c.s.m.DirectWithAttributesChannel    : Channel 'application.receiveSensorData-in-0' has 1 subscriber(s).
2023-12-03T18:49:03.201+02:00  INFO 9776 --- [           main] o.s.i.endpoint.EventDrivenConsumer       : Adding {logging-channel-adapter:_org.springframework.integration.errorLogger} as a subscriber to the 'errorChannel' channel
2023-12-03T18:49:03.201+02:00  INFO 9776 --- [           main] o.s.i.channel.PublishSubscribeChannel    : Channel 'application.errorChannel' has 1 subscriber(s).
2023-12-03T18:49:03.201+02:00  INFO 9776 --- [           main] o.s.i.endpoint.EventDrivenConsumer       : started bean '_org.springframework.integration.errorLogger'
2023-12-03T18:49:03.217+02:00  INFO 9776 --- [           main] o.s.c.stream.binder.BinderErrorChannel   : Channel '160920812.receiveSensorData-in-0.errors' has 1 subscriber(s).
2023-12-03T18:49:03.218+02:00  INFO 9776 --- [           main] o.s.c.stream.binder.BinderErrorChannel   : Channel '160920812.receiveSensorData-in-0.errors' has 2 subscriber(s).
2023-12-03T18:49:03.223+02:00  INFO 9776 --- [           main] o.s.i.channel.PublishSubscribeChannel    : Channel 'receiveSensorData-in-0.destination' has 1 subscriber(s).
2023-12-03T18:49:03.224+02:00  INFO 9776 --- [           main] r$IntegrationBinderInboundChannelAdapter : started org.springframework.cloud.stream.binder.test.TestChannelBinder$IntegrationBinderInboundChannelAdapter@3070f59f
2023-12-03T18:49:03.235+02:00  INFO 9776 --- [           main] c.n.DBWriterApplicationTests             : Started DBWriterApplicationTests in 5.454 seconds (process running for 6.534)
]]></system-out>
  </testcase>
</testsuite>